2020-10-19 17:26:57.992  INFO 12072 --- [restartedMain] com.training.org.OrgApplication          : Starting OrgApplication on MariaDB-06 with PID 12072 (C:\Users\Amisha\IdeaProjects\Java_Assignments\Day 17\SpringBootActuator\target\classes started by amisha in C:\Users\Amisha\IdeaProjects\Java_Assignments\Day 17\SpringBootActuator)
2020-10-19 17:26:58.000  INFO 12072 --- [restartedMain] com.training.org.OrgApplication          : No active profile set, falling back to default profiles: default
2020-10-19 17:26:58.175  INFO 12072 --- [restartedMain] .e.DevToolsPropertyDefaultsPostProcessor : Devtools property defaults active! Set 'spring.devtools.add-properties' to 'false' to disable
2020-10-19 17:26:58.177  INFO 12072 --- [restartedMain] .e.DevToolsPropertyDefaultsPostProcessor : For additional web related logging consider setting the 'logging.level.web' property to 'DEBUG'
2020-10-19 17:27:02.248  INFO 12072 --- [restartedMain] o.s.b.w.embedded.tomcat.TomcatWebServer  : Tomcat initialized with port(s): 4040 (http)
2020-10-19 17:27:02.284  INFO 12072 --- [restartedMain] o.apache.catalina.core.StandardService   : Starting service [Tomcat]
2020-10-19 17:27:02.284  INFO 12072 --- [restartedMain] org.apache.catalina.core.StandardEngine  : Starting Servlet engine: [Apache Tomcat/9.0.38]
2020-10-19 17:27:02.546  INFO 12072 --- [restartedMain] o.a.c.c.C.[Tomcat].[localhost].[/]       : Initializing Spring embedded WebApplicationContext
2020-10-19 17:27:02.546  INFO 12072 --- [restartedMain] w.s.c.ServletWebServerApplicationContext : Root WebApplicationContext: initialization completed in 4368 ms
2020-10-19 17:27:03.587  INFO 12072 --- [restartedMain] o.s.s.concurrent.ThreadPoolTaskExecutor  : Initializing ExecutorService 'applicationTaskExecutor'
2020-10-19 17:27:04.565  INFO 12072 --- [restartedMain] o.s.b.d.a.OptionalLiveReloadServer       : LiveReload server is running on port 35729
2020-10-19 17:27:04.593  INFO 12072 --- [restartedMain] o.s.b.a.e.web.EndpointLinksResolver      : Exposing 0 endpoint(s) beneath base path '/actuator'
2020-10-19 17:27:04.781  INFO 12072 --- [restartedMain] o.s.b.w.embedded.tomcat.TomcatWebServer  : Tomcat started on port(s): 4040 (http) with context path ''
2020-10-19 17:27:04.840  INFO 12072 --- [restartedMain] com.training.org.OrgApplication          : Started OrgApplication in 7.926 seconds (JVM running for 12.46)
2020-10-19 17:27:04.986  INFO 12072 --- [http-nio-4040-exec-1] o.a.c.c.C.[Tomcat].[localhost].[/]       : Initializing Spring DispatcherServlet 'dispatcherServlet'
2020-10-19 17:27:04.986  INFO 12072 --- [http-nio-4040-exec-1] o.s.web.servlet.DispatcherServlet        : Initializing Servlet 'dispatcherServlet'
2020-10-19 17:27:05.002  INFO 12072 --- [http-nio-4040-exec-1] o.s.web.servlet.DispatcherServlet        : Completed initialization in 16 ms
2020-10-19 17:28:33.250  INFO 12776 --- [restartedMain] com.training.org.OrgApplication          : Starting OrgApplication on MariaDB-06 with PID 12776 (C:\Users\Amisha\IdeaProjects\Java_Assignments\Day 17\SpringBootActuator\target\classes started by amisha in C:\Users\Amisha\IdeaProjects\Java_Assignments\Day 17\SpringBootActuator)
2020-10-19 17:28:33.262  INFO 12776 --- [restartedMain] com.training.org.OrgApplication          : No active profile set, falling back to default profiles: default
2020-10-19 17:28:33.474  INFO 12776 --- [restartedMain] .e.DevToolsPropertyDefaultsPostProcessor : Devtools property defaults active! Set 'spring.devtools.add-properties' to 'false' to disable
2020-10-19 17:28:33.476  INFO 12776 --- [restartedMain] .e.DevToolsPropertyDefaultsPostProcessor : For additional web related logging consider setting the 'logging.level.web' property to 'DEBUG'
2020-10-19 17:28:37.073  INFO 12776 --- [restartedMain] o.s.b.w.embedded.tomcat.TomcatWebServer  : Tomcat initialized with port(s): 4040 (http)
2020-10-19 17:28:37.098  INFO 12776 --- [restartedMain] o.apache.catalina.core.StandardService   : Starting service [Tomcat]
2020-10-19 17:28:37.099  INFO 12776 --- [restartedMain] org.apache.catalina.core.StandardEngine  : Starting Servlet engine: [Apache Tomcat/9.0.38]
2020-10-19 17:28:37.310  INFO 12776 --- [restartedMain] o.a.c.c.C.[Tomcat].[localhost].[/]       : Initializing Spring embedded WebApplicationContext
2020-10-19 17:28:37.312  INFO 12776 --- [restartedMain] w.s.c.ServletWebServerApplicationContext : Root WebApplicationContext: initialization completed in 3835 ms
2020-10-19 17:28:38.379  INFO 12776 --- [restartedMain] o.s.s.concurrent.ThreadPoolTaskExecutor  : Initializing ExecutorService 'applicationTaskExecutor'
2020-10-19 17:28:39.222  INFO 12776 --- [restartedMain] o.s.b.d.a.OptionalLiveReloadServer       : LiveReload server is running on port 35729
2020-10-19 17:28:39.241  INFO 12776 --- [restartedMain] o.s.b.a.e.web.EndpointLinksResolver      : Exposing 0 endpoint(s) beneath base path '/actuator'
2020-10-19 17:28:39.432  INFO 12776 --- [restartedMain] o.s.b.w.embedded.tomcat.TomcatWebServer  : Tomcat started on port(s): 4040 (http) with context path ''
2020-10-19 17:28:39.494  INFO 12776 --- [restartedMain] com.training.org.OrgApplication          : Started OrgApplication in 7.56 seconds (JVM running for 11.932)
2020-10-19 17:28:39.668  INFO 12776 --- [http-nio-4040-exec-1] o.a.c.c.C.[Tomcat].[localhost].[/]       : Initializing Spring DispatcherServlet 'dispatcherServlet'
2020-10-19 17:28:39.670  INFO 12776 --- [http-nio-4040-exec-1] o.s.web.servlet.DispatcherServlet        : Initializing Servlet 'dispatcherServlet'
2020-10-19 17:28:39.687  INFO 12776 --- [http-nio-4040-exec-1] o.s.web.servlet.DispatcherServlet        : Completed initialization in 15 ms
2020-10-19 17:31:03.250  INFO 14716 --- [restartedMain] com.training.org.OrgApplication          : Starting OrgApplication on MariaDB-06 with PID 14716 (C:\Users\Amisha\IdeaProjects\Java_Assignments\Day 17\SpringBootActuator\target\classes started by amisha in C:\Users\Amisha\IdeaProjects\Java_Assignments\Day 17\SpringBootActuator)
2020-10-19 17:31:03.265  INFO 14716 --- [restartedMain] com.training.org.OrgApplication          : No active profile set, falling back to default profiles: default
2020-10-19 17:31:03.454  INFO 14716 --- [restartedMain] .e.DevToolsPropertyDefaultsPostProcessor : Devtools property defaults active! Set 'spring.devtools.add-properties' to 'false' to disable
2020-10-19 17:31:03.456  INFO 14716 --- [restartedMain] .e.DevToolsPropertyDefaultsPostProcessor : For additional web related logging consider setting the 'logging.level.web' property to 'DEBUG'
2020-10-19 17:31:10.125  INFO 14716 --- [restartedMain] o.s.b.w.embedded.tomcat.TomcatWebServer  : Tomcat initialized with port(s): 4040 (http)
2020-10-19 17:31:10.159  INFO 14716 --- [restartedMain] o.apache.catalina.core.StandardService   : Starting service [Tomcat]
2020-10-19 17:31:10.160  INFO 14716 --- [restartedMain] org.apache.catalina.core.StandardEngine  : Starting Servlet engine: [Apache Tomcat/9.0.38]
2020-10-19 17:31:10.578  INFO 14716 --- [restartedMain] o.a.c.c.C.[Tomcat].[localhost].[/]       : Initializing Spring embedded WebApplicationContext
2020-10-19 17:31:10.581  INFO 14716 --- [restartedMain] w.s.c.ServletWebServerApplicationContext : Root WebApplicationContext: initialization completed in 7124 ms
2020-10-19 17:31:13.683  INFO 14716 --- [restartedMain] o.s.s.concurrent.ThreadPoolTaskExecutor  : Initializing ExecutorService 'applicationTaskExecutor'
2020-10-19 17:31:16.893  INFO 14716 --- [restartedMain] o.s.b.d.a.OptionalLiveReloadServer       : LiveReload server is running on port 35729
2020-10-19 17:31:16.937  INFO 14716 --- [restartedMain] o.s.b.a.e.web.EndpointLinksResolver      : Exposing 0 endpoint(s) beneath base path '/actuator'
2020-10-19 17:31:17.246  INFO 14716 --- [restartedMain] o.s.b.w.embedded.tomcat.TomcatWebServer  : Tomcat started on port(s): 4040 (http) with context path ''
2020-10-19 17:31:17.355  INFO 14716 --- [restartedMain] com.training.org.OrgApplication          : Started OrgApplication in 15.386 seconds (JVM running for 20.103)
2020-10-19 17:31:18.766  INFO 14716 --- [http-nio-4040-exec-1] o.a.c.c.C.[Tomcat].[localhost].[/]       : Initializing Spring DispatcherServlet 'dispatcherServlet'
2020-10-19 17:31:18.768  INFO 14716 --- [http-nio-4040-exec-1] o.s.web.servlet.DispatcherServlet        : Initializing Servlet 'dispatcherServlet'
2020-10-19 17:31:18.794  INFO 14716 --- [http-nio-4040-exec-1] o.s.web.servlet.DispatcherServlet        : Completed initialization in 25 ms
2020-10-19 17:47:31.163  INFO 1452 --- [restartedMain] com.training.org.OrgApplication          : Starting OrgApplication on MariaDB-06 with PID 1452 (C:\Users\Amisha\IdeaProjects\Java_Assignments\Day 17\SpringBootActuator\target\classes started by amisha in C:\Users\Amisha\IdeaProjects\Java_Assignments\Day 17\SpringBootActuator)
2020-10-19 17:47:31.191  INFO 1452 --- [restartedMain] com.training.org.OrgApplication          : No active profile set, falling back to default profiles: default
2020-10-19 17:47:31.387  INFO 1452 --- [restartedMain] .e.DevToolsPropertyDefaultsPostProcessor : Devtools property defaults active! Set 'spring.devtools.add-properties' to 'false' to disable
2020-10-19 17:47:31.390  INFO 1452 --- [restartedMain] .e.DevToolsPropertyDefaultsPostProcessor : For additional web related logging consider setting the 'logging.level.web' property to 'DEBUG'
2020-10-19 17:47:35.072  INFO 1452 --- [restartedMain] o.s.b.w.embedded.tomcat.TomcatWebServer  : Tomcat initialized with port(s): 4040 (http)
2020-10-19 17:47:35.096  INFO 1452 --- [restartedMain] o.apache.catalina.core.StandardService   : Starting service [Tomcat]
2020-10-19 17:47:35.098  INFO 1452 --- [restartedMain] org.apache.catalina.core.StandardEngine  : Starting Servlet engine: [Apache Tomcat/9.0.38]
2020-10-19 17:47:35.329  INFO 1452 --- [restartedMain] o.a.c.c.C.[Tomcat].[localhost].[/]       : Initializing Spring embedded WebApplicationContext
2020-10-19 17:47:35.330  INFO 1452 --- [restartedMain] w.s.c.ServletWebServerApplicationContext : Root WebApplicationContext: initialization completed in 3932 ms
2020-10-19 17:47:36.515  INFO 1452 --- [restartedMain] o.s.s.concurrent.ThreadPoolTaskExecutor  : Initializing ExecutorService 'applicationTaskExecutor'
2020-10-19 17:47:37.488  INFO 1452 --- [restartedMain] o.s.b.d.a.OptionalLiveReloadServer       : LiveReload server is running on port 35729
2020-10-19 17:47:37.509  INFO 1452 --- [restartedMain] o.s.b.a.e.web.EndpointLinksResolver      : Exposing 0 endpoint(s) beneath base path '/actuator'
2020-10-19 17:47:37.707  INFO 1452 --- [restartedMain] o.s.b.w.embedded.tomcat.TomcatWebServer  : Tomcat started on port(s): 4040 (http) with context path ''
2020-10-19 17:47:37.795  INFO 1452 --- [restartedMain] com.training.org.OrgApplication          : Started OrgApplication in 8.077 seconds (JVM running for 12.392)
2020-10-19 17:47:38.629  INFO 1452 --- [http-nio-4040-exec-1] o.a.c.c.C.[Tomcat].[localhost].[/]       : Initializing Spring DispatcherServlet 'dispatcherServlet'
2020-10-19 17:47:38.645  INFO 1452 --- [http-nio-4040-exec-1] o.s.web.servlet.DispatcherServlet        : Initializing Servlet 'dispatcherServlet'
2020-10-19 17:47:38.663  INFO 1452 --- [http-nio-4040-exec-1] o.s.web.servlet.DispatcherServlet        : Completed initialization in 18 ms
2020-10-19 17:55:23.997  INFO 1452 --- [Thread-5] o.s.s.concurrent.ThreadPoolTaskExecutor  : Shutting down ExecutorService 'applicationTaskExecutor'
2020-10-19 17:55:24.416  INFO 1452 --- [restartedMain] com.training.org.OrgApplication          : Starting OrgApplication on MariaDB-06 with PID 1452 (C:\Users\Amisha\IdeaProjects\Java_Assignments\Day 17\SpringBootActuator\target\classes started by amisha in C:\Users\Amisha\IdeaProjects\Java_Assignments\Day 17\SpringBootActuator)
2020-10-19 17:55:24.418  INFO 1452 --- [restartedMain] com.training.org.OrgApplication          : No active profile set, falling back to default profiles: default
2020-10-19 17:55:25.938  INFO 1452 --- [restartedMain] o.s.b.w.embedded.tomcat.TomcatWebServer  : Tomcat initialized with port(s): 4040 (http)
2020-10-19 17:55:25.941  INFO 1452 --- [restartedMain] o.apache.catalina.core.StandardService   : Starting service [Tomcat]
2020-10-19 17:55:25.946  INFO 1452 --- [restartedMain] org.apache.catalina.core.StandardEngine  : Starting Servlet engine: [Apache Tomcat/9.0.38]
2020-10-19 17:55:26.150  INFO 1452 --- [restartedMain] o.a.c.c.C.[Tomcat].[localhost].[/]       : Initializing Spring embedded WebApplicationContext
2020-10-19 17:55:26.152  INFO 1452 --- [restartedMain] w.s.c.ServletWebServerApplicationContext : Root WebApplicationContext: initialization completed in 1723 ms
2020-10-19 17:55:26.825  INFO 1452 --- [restartedMain] o.s.s.concurrent.ThreadPoolTaskExecutor  : Initializing ExecutorService 'applicationTaskExecutor'
2020-10-19 17:55:27.746  INFO 1452 --- [restartedMain] o.s.b.d.a.OptionalLiveReloadServer       : LiveReload server is running on port 35729
2020-10-19 17:55:27.759  INFO 1452 --- [restartedMain] o.s.b.a.e.web.EndpointLinksResolver      : Exposing 0 endpoint(s) beneath base path '/actuator'
2020-10-19 17:55:27.818  INFO 1452 --- [restartedMain] o.s.b.w.embedded.tomcat.TomcatWebServer  : Tomcat started on port(s): 4040 (http) with context path ''
2020-10-19 17:55:27.852  INFO 1452 --- [restartedMain] com.training.org.OrgApplication          : Started OrgApplication in 3.7 seconds (JVM running for 482.465)
2020-10-19 17:55:27.884  INFO 1452 --- [restartedMain] .ConditionEvaluationDeltaLoggingListener : Condition evaluation unchanged
2020-10-19 17:55:28.521  INFO 1452 --- [http-nio-4040-exec-1] o.a.c.c.C.[Tomcat].[localhost].[/]       : Initializing Spring DispatcherServlet 'dispatcherServlet'
2020-10-19 17:55:28.522  INFO 1452 --- [http-nio-4040-exec-1] o.s.web.servlet.DispatcherServlet        : Initializing Servlet 'dispatcherServlet'
2020-10-19 17:55:28.529  INFO 1452 --- [http-nio-4040-exec-1] o.s.web.servlet.DispatcherServlet        : Completed initialization in 6 ms
2020-10-19 17:55:44.379  INFO 7000 --- [restartedMain] com.training.org.OrgApplication          : Starting OrgApplication on MariaDB-06 with PID 7000 (C:\Users\Amisha\IdeaProjects\Java_Assignments\Day 17\SpringBootActuator\target\classes started by amisha in C:\Users\Amisha\IdeaProjects\Java_Assignments\Day 17\SpringBootActuator)
2020-10-19 17:55:44.389  INFO 7000 --- [restartedMain] com.training.org.OrgApplication          : No active profile set, falling back to default profiles: default
2020-10-19 17:55:44.640  INFO 7000 --- [restartedMain] .e.DevToolsPropertyDefaultsPostProcessor : Devtools property defaults active! Set 'spring.devtools.add-properties' to 'false' to disable
2020-10-19 17:55:44.641  INFO 7000 --- [restartedMain] .e.DevToolsPropertyDefaultsPostProcessor : For additional web related logging consider setting the 'logging.level.web' property to 'DEBUG'
2020-10-19 17:55:51.427  INFO 7000 --- [restartedMain] o.s.b.w.embedded.tomcat.TomcatWebServer  : Tomcat initialized with port(s): 4040 (http)
2020-10-19 17:55:51.459  INFO 7000 --- [restartedMain] o.apache.catalina.core.StandardService   : Starting service [Tomcat]
2020-10-19 17:55:51.466  INFO 7000 --- [restartedMain] org.apache.catalina.core.StandardEngine  : Starting Servlet engine: [Apache Tomcat/9.0.38]
2020-10-19 17:55:51.949  INFO 7000 --- [restartedMain] o.a.c.c.C.[Tomcat].[localhost].[/]       : Initializing Spring embedded WebApplicationContext
2020-10-19 17:55:51.959  INFO 7000 --- [restartedMain] w.s.c.ServletWebServerApplicationContext : Root WebApplicationContext: initialization completed in 7316 ms
2020-10-19 17:55:53.644  INFO 7000 --- [restartedMain] o.s.s.concurrent.ThreadPoolTaskExecutor  : Initializing ExecutorService 'applicationTaskExecutor'
2020-10-19 17:55:55.220  WARN 7000 --- [restartedMain] o.s.b.d.a.OptionalLiveReloadServer       : Unable to start LiveReload server
2020-10-19 17:55:55.244  INFO 7000 --- [restartedMain] o.s.b.a.e.web.EndpointLinksResolver      : Exposing 0 endpoint(s) beneath base path '/actuator'
2020-10-19 17:55:55.438  WARN 7000 --- [restartedMain] ConfigServletWebServerApplicationContext : Exception encountered during context initialization - cancelling refresh attempt: org.springframework.context.ApplicationContextException: Failed to start bean 'webServerStartStop'; nested exception is org.springframework.boot.web.server.PortInUseException: Port 4040 is already in use
2020-10-19 17:55:55.459  INFO 7000 --- [restartedMain] o.s.s.concurrent.ThreadPoolTaskExecutor  : Shutting down ExecutorService 'applicationTaskExecutor'
2020-10-19 17:55:55.472  INFO 7000 --- [restartedMain] o.apache.catalina.core.StandardService   : Stopping service [Tomcat]
2020-10-19 17:55:55.561  INFO 7000 --- [restartedMain] ConditionEvaluationReportLoggingListener : 

Error starting ApplicationContext. To display the conditions report re-run your application with 'debug' enabled.
2020-10-19 17:55:55.579 ERROR 7000 --- [restartedMain] o.s.b.d.LoggingFailureAnalysisReporter   : 

***************************
APPLICATION FAILED TO START
***************************

Description:

Web server failed to start. Port 4040 was already in use.

Action:

Identify and stop the process that's listening on port 4040 or configure this application to listen on another port.

2020-10-19 18:01:03.045  INFO 1452 --- [Thread-8] o.s.s.concurrent.ThreadPoolTaskExecutor  : Shutting down ExecutorService 'applicationTaskExecutor'
2020-10-19 18:01:03.324  INFO 1452 --- [restartedMain] com.training.org.OrgApplication          : Starting OrgApplication on MariaDB-06 with PID 1452 (C:\Users\Amisha\IdeaProjects\Java_Assignments\Day 17\SpringBootActuator\target\classes started by amisha in C:\Users\Amisha\IdeaProjects\Java_Assignments\Day 17\SpringBootActuator)
2020-10-19 18:01:03.325  INFO 1452 --- [restartedMain] com.training.org.OrgApplication          : No active profile set, falling back to default profiles: default
2020-10-19 18:01:04.738  INFO 1452 --- [restartedMain] o.s.b.w.embedded.tomcat.TomcatWebServer  : Tomcat initialized with port(s): 4041 (http)
2020-10-19 18:01:04.743  INFO 1452 --- [restartedMain] o.apache.catalina.core.StandardService   : Starting service [Tomcat]
2020-10-19 18:01:04.746  INFO 1452 --- [restartedMain] org.apache.catalina.core.StandardEngine  : Starting Servlet engine: [Apache Tomcat/9.0.38]
2020-10-19 18:01:04.837  INFO 1452 --- [restartedMain] o.a.c.c.C.[Tomcat].[localhost].[/]       : Initializing Spring embedded WebApplicationContext
2020-10-19 18:01:04.845  INFO 1452 --- [restartedMain] w.s.c.ServletWebServerApplicationContext : Root WebApplicationContext: initialization completed in 1508 ms
2020-10-19 18:01:05.449  INFO 1452 --- [restartedMain] o.s.s.concurrent.ThreadPoolTaskExecutor  : Initializing ExecutorService 'applicationTaskExecutor'
2020-10-19 18:01:06.021  INFO 1452 --- [restartedMain] o.s.b.d.a.OptionalLiveReloadServer       : LiveReload server is running on port 35729
2020-10-19 18:01:06.059  INFO 1452 --- [restartedMain] o.s.b.a.e.web.EndpointLinksResolver      : Exposing 0 endpoint(s) beneath base path '/actuator'
2020-10-19 18:01:06.164  INFO 1452 --- [restartedMain] o.s.b.w.embedded.tomcat.TomcatWebServer  : Tomcat started on port(s): 4041 (http) with context path ''
2020-10-19 18:01:06.203  INFO 1452 --- [restartedMain] com.training.org.OrgApplication          : Started OrgApplication in 3.011 seconds (JVM running for 820.826)
2020-10-19 18:01:06.480  INFO 1452 --- [restartedMain] .ConditionEvaluationDeltaLoggingListener : Condition evaluation unchanged
2020-10-19 18:01:13.222  INFO 12416 --- [restartedMain] com.training.org.OrgApplication          : Starting OrgApplication on MariaDB-06 with PID 12416 (C:\Users\Amisha\IdeaProjects\Java_Assignments\Day 17\SpringBootActuator\target\classes started by amisha in C:\Users\Amisha\IdeaProjects\Java_Assignments\Day 17\SpringBootActuator)
2020-10-19 18:01:13.318  INFO 12416 --- [restartedMain] com.training.org.OrgApplication          : No active profile set, falling back to default profiles: default
2020-10-19 18:01:13.535  INFO 12416 --- [restartedMain] .e.DevToolsPropertyDefaultsPostProcessor : Devtools property defaults active! Set 'spring.devtools.add-properties' to 'false' to disable
2020-10-19 18:01:13.537  INFO 12416 --- [restartedMain] .e.DevToolsPropertyDefaultsPostProcessor : For additional web related logging consider setting the 'logging.level.web' property to 'DEBUG'
2020-10-19 18:01:16.941  INFO 12416 --- [restartedMain] o.s.b.w.embedded.tomcat.TomcatWebServer  : Tomcat initialized with port(s): 4041 (http)
2020-10-19 18:01:16.965  INFO 12416 --- [restartedMain] o.apache.catalina.core.StandardService   : Starting service [Tomcat]
2020-10-19 18:01:16.966  INFO 12416 --- [restartedMain] org.apache.catalina.core.StandardEngine  : Starting Servlet engine: [Apache Tomcat/9.0.38]
2020-10-19 18:01:17.192  INFO 12416 --- [restartedMain] o.a.c.c.C.[Tomcat].[localhost].[/]       : Initializing Spring embedded WebApplicationContext
2020-10-19 18:01:17.193  INFO 12416 --- [restartedMain] w.s.c.ServletWebServerApplicationContext : Root WebApplicationContext: initialization completed in 3656 ms
2020-10-19 18:01:18.200  INFO 12416 --- [restartedMain] o.s.s.concurrent.ThreadPoolTaskExecutor  : Initializing ExecutorService 'applicationTaskExecutor'
2020-10-19 18:01:19.077  WARN 12416 --- [restartedMain] o.s.b.d.a.OptionalLiveReloadServer       : Unable to start LiveReload server
2020-10-19 18:01:19.098  INFO 12416 --- [restartedMain] o.s.b.a.e.web.EndpointLinksResolver      : Exposing 0 endpoint(s) beneath base path '/actuator'
2020-10-19 18:01:19.220  WARN 12416 --- [restartedMain] ConfigServletWebServerApplicationContext : Exception encountered during context initialization - cancelling refresh attempt: org.springframework.context.ApplicationContextException: Failed to start bean 'webServerStartStop'; nested exception is org.springframework.boot.web.server.PortInUseException: Port 4041 is already in use
2020-10-19 18:01:19.226  INFO 12416 --- [restartedMain] o.s.s.concurrent.ThreadPoolTaskExecutor  : Shutting down ExecutorService 'applicationTaskExecutor'
2020-10-19 18:01:19.238  INFO 12416 --- [restartedMain] o.apache.catalina.core.StandardService   : Stopping service [Tomcat]
2020-10-19 18:01:19.314  INFO 12416 --- [restartedMain] ConditionEvaluationReportLoggingListener : 

Error starting ApplicationContext. To display the conditions report re-run your application with 'debug' enabled.
2020-10-19 18:01:19.332 ERROR 12416 --- [restartedMain] o.s.b.d.LoggingFailureAnalysisReporter   : 

***************************
APPLICATION FAILED TO START
***************************

Description:

Web server failed to start. Port 4041 was already in use.

Action:

Identify and stop the process that's listening on port 4041 or configure this application to listen on another port.

2020-10-19 18:26:08.166  INFO 1452 --- [Thread-13] o.s.s.concurrent.ThreadPoolTaskExecutor  : Shutting down ExecutorService 'applicationTaskExecutor'
